2024-11-09 06:38:48,151 [Worker-6: Loading available Gradle versions] INFO  o.e.b.c.i.u.g.PublishedGradleVersions - Gradle version information cache is up-to-date. Trying to read.
2024-11-09 06:39:07,431 [Worker-14: Building] INFO  o.e.m.c.i.l.LifecycleMappingFactory - Using org.eclipse.m2e.jdt.JarLifecycleMapping lifecycle mapping for MavenProject: co.edu.uco.ucobet:api-gateway:0.0.1-SNAPSHOT @ C:\Users\Jeronimo Ciro\OneDrive - UCO\Desktop\EntregaFInal\ucobet-generales (2)\api_gateway\pom.xml.
2024-11-09 06:39:11,708 [Worker-14: Building] INFO  o.a.m.s.f.DefaultMavenResourcesFiltering - Copying 1 resource from src\main\resources to target\classes
2024-11-09 06:39:11,726 [Worker-14: Building] INFO  o.a.m.s.f.DefaultMavenResourcesFiltering - Copying 1 resource from src\main\resources to target\classes
2024-11-09 06:39:11,732 [Worker-14: Building] INFO  o.a.m.s.f.DefaultMavenResourcesFiltering - skip non existing resourceDirectory C:\Users\Jeronimo Ciro\OneDrive - UCO\Desktop\EntregaFInal\ucobet-generales (2)\api_gateway\src\test\resources
2024-11-09 06:39:12,309 [Worker-12: Updating Maven Dependencies] INFO  o.e.m.c.i.l.LifecycleMappingFactory - Using org.eclipse.m2e.jdt.JarLifecycleMapping lifecycle mapping for MavenProject: co.edu.uco.ucobet:api-gateway:0.0.1-SNAPSHOT @ C:\Users\Jeronimo Ciro\OneDrive - UCO\Desktop\EntregaFInal\ucobet-generales (2)\api_gateway\pom.xml.
2024-11-09 06:39:12,394 [Worker-17: Building] INFO  o.a.m.s.f.DefaultMavenResourcesFiltering - Copying 1 resource from src\main\resources to target\classes
2024-11-09 06:39:12,414 [Worker-17: Building] INFO  o.a.m.s.f.DefaultMavenResourcesFiltering - Copying 1 resource from src\main\resources to target\classes
2024-11-09 06:39:12,422 [Worker-17: Building] INFO  o.a.m.s.f.DefaultMavenResourcesFiltering - skip non existing resourceDirectory C:\Users\Jeronimo Ciro\OneDrive - UCO\Desktop\EntregaFInal\ucobet-generales (2)\api_gateway\src\test\resources
2024-11-09 06:39:15,827 [Worker-13: Building] INFO  o.e.m.c.i.l.LifecycleMappingFactory - Using org.eclipse.m2e.jdt.JarLifecycleMapping lifecycle mapping for MavenProject: co.edu.uco.ucobet.generales:ucobet-generales:0.0.1-SNAPSHOT @ C:\Users\Jeronimo Ciro\OneDrive - UCO\Desktop\EntregaFInal\ucobet-generales (2)\ucobet-generales\pom.xml.
2024-11-09 06:39:17,712 [Worker-13: Building] INFO  o.a.m.s.f.DefaultMavenResourcesFiltering - Copying 1 resource from src\main\resources to target\classes
2024-11-09 06:39:17,727 [Worker-13: Building] INFO  o.a.m.s.f.DefaultMavenResourcesFiltering - Copying 1 resource from src\main\resources to target\classes
2024-11-09 06:39:17,733 [Worker-13: Building] INFO  o.a.m.s.f.DefaultMavenResourcesFiltering - skip non existing resourceDirectory C:\Users\Jeronimo Ciro\OneDrive - UCO\Desktop\EntregaFInal\ucobet-generales (2)\ucobet-generales\src\test\resources
2024-11-09 06:39:20,478 [Worker-24: Building] INFO  o.a.m.s.f.DefaultMavenResourcesFiltering - Copying 1 resource from src\main\resources to target\classes
2024-11-09 06:39:20,481 [Worker-24: Building] INFO  o.a.m.s.f.DefaultMavenResourcesFiltering - Copying 1 resource from src\main\resources to target\classes
2024-11-09 06:39:20,486 [Worker-24: Building] INFO  o.a.m.s.f.DefaultMavenResourcesFiltering - skip non existing resourceDirectory C:\Users\Jeronimo Ciro\OneDrive - UCO\Desktop\EntregaFInal\ucobet-generales (2)\ucobet-generales\src\test\resources
2024-11-09 06:45:25,194 [Worker-24: Building] INFO  o.a.m.s.f.DefaultMavenResourcesFiltering - Copying 1 resource from src\main\resources to target\classes
2024-11-09 06:45:25,200 [Worker-24: Building] INFO  o.a.m.s.f.DefaultMavenResourcesFiltering - Copying 1 resource from src\main\resources to target\classes
2024-11-09 06:45:25,204 [Worker-24: Building] INFO  o.a.m.s.f.DefaultMavenResourcesFiltering - skip non existing resourceDirectory C:\Users\Jeronimo Ciro\OneDrive - UCO\Desktop\EntregaFInal\ucobet-generales (2)\ucobet-generales\src\test\resources
2024-11-09 06:52:47,820 [Worker-21: Building] INFO  o.a.m.s.f.DefaultMavenResourcesFiltering - Copying 1 resource from src\main\resources to target\classes
2024-11-09 06:52:47,831 [Worker-21: Building] INFO  o.a.m.s.f.DefaultMavenResourcesFiltering - Copying 1 resource from src\main\resources to target\classes
2024-11-09 06:52:47,835 [Worker-21: Building] INFO  o.a.m.s.f.DefaultMavenResourcesFiltering - skip non existing resourceDirectory C:\Users\Jeronimo Ciro\OneDrive - UCO\Desktop\EntregaFInal\ucobet-generales (2)\ucobet-generales\src\test\resources
2024-11-09 06:53:01,928 [Worker-24: Building] INFO  o.a.m.s.f.DefaultMavenResourcesFiltering - Copying 1 resource from src\main\resources to target\classes
2024-11-09 06:53:01,933 [Worker-24: Building] INFO  o.a.m.s.f.DefaultMavenResourcesFiltering - Copying 1 resource from src\main\resources to target\classes
2024-11-09 06:53:01,937 [Worker-24: Building] INFO  o.a.m.s.f.DefaultMavenResourcesFiltering - skip non existing resourceDirectory C:\Users\Jeronimo Ciro\OneDrive - UCO\Desktop\EntregaFInal\ucobet-generales (2)\ucobet-generales\src\test\resources
2024-11-09 06:54:37,556 [Worker-32: Building] INFO  o.e.m.c.i.l.LifecycleMappingFactory - Using org.eclipse.m2e.jdt.JarLifecycleMapping lifecycle mapping for MavenProject: co.edu.uco.ucobet.generales:ucobet-generales:0.0.1-SNAPSHOT @ C:\Users\Jeronimo Ciro\OneDrive - UCO\Desktop\EntregaFInal\ucobet-generales (2)\ucobet-generales\pom.xml.
2024-11-09 06:54:38,236 [Worker-32: Building] INFO  o.e.m.c.i.e.AbstractTransferListenerAdapter - Downloading https://repo.maven.apache.org/maven2/org/jsoup/jsoup/1.15.3/jsoup-1.15.3.pom
2024-11-09 06:54:38,265 [Worker-32: Building] INFO  o.e.m.c.i.e.AbstractTransferListenerAdapter - Downloaded https://repo.maven.apache.org/maven2/org/jsoup/jsoup/1.15.3/jsoup-1.15.3.pom
2024-11-09 06:54:38,485 [Worker-32: Building] INFO  o.e.m.c.i.e.AbstractTransferListenerAdapter - Downloading https://repo.maven.apache.org/maven2/org/jsoup/jsoup/1.15.3/jsoup-1.15.3.jar
2024-11-09 06:54:38,636 [Worker-32: Building] INFO  o.e.m.c.i.e.AbstractTransferListenerAdapter - Downloaded https://repo.maven.apache.org/maven2/org/jsoup/jsoup/1.15.3/jsoup-1.15.3.jar
2024-11-09 06:54:39,007 [Worker-32: Building] INFO  o.a.m.s.f.DefaultMavenResourcesFiltering - Copying 0 resource from src\main\resources to target\classes
2024-11-09 06:54:39,008 [Worker-32: Building] INFO  o.a.m.s.f.DefaultMavenResourcesFiltering - Copying 0 resource from src\main\resources to target\classes
2024-11-09 06:54:39,013 [Worker-32: Building] INFO  o.a.m.s.f.DefaultMavenResourcesFiltering - skip non existing resourceDirectory C:\Users\Jeronimo Ciro\OneDrive - UCO\Desktop\EntregaFInal\ucobet-generales (2)\ucobet-generales\src\test\resources
2024-11-09 06:54:40,080 [Worker-37: Download sources and javadoc] INFO  o.e.m.c.i.e.AbstractTransferListenerAdapter - Downloading https://repo.maven.apache.org/maven2/org/jsoup/jsoup/1.15.3/jsoup-1.15.3-sources.jar
2024-11-09 06:54:40,183 [Worker-37: Download sources and javadoc] INFO  o.e.m.c.i.e.AbstractTransferListenerAdapter - Downloaded https://repo.maven.apache.org/maven2/org/jsoup/jsoup/1.15.3/jsoup-1.15.3-sources.jar
2024-11-09 06:54:40,187 [Worker-37: Download sources and javadoc] INFO  o.e.m.j.internal.DownloadSourcesJob - Downloaded sources for org.jsoup:jsoup:1.15.3
2024-11-09 06:54:41,395 [Worker-24: Building] INFO  o.a.m.s.f.DefaultMavenResourcesFiltering - Copying 1 resource from src\main\resources to target\classes
2024-11-09 06:54:41,411 [Worker-24: Building] INFO  o.a.m.s.f.DefaultMavenResourcesFiltering - Copying 1 resource from src\main\resources to target\classes
2024-11-09 06:54:41,415 [Worker-24: Building] INFO  o.a.m.s.f.DefaultMavenResourcesFiltering - skip non existing resourceDirectory C:\Users\Jeronimo Ciro\OneDrive - UCO\Desktop\EntregaFInal\ucobet-generales (2)\ucobet-generales\src\test\resources
2024-11-09 06:54:57,710 [Worker-24: Building] INFO  o.a.m.s.f.DefaultMavenResourcesFiltering - Copying 1 resource from src\main\resources to target\classes
2024-11-09 06:54:57,715 [Worker-24: Building] INFO  o.a.m.s.f.DefaultMavenResourcesFiltering - Copying 1 resource from src\main\resources to target\classes
2024-11-09 06:54:57,717 [Worker-24: Building] INFO  o.a.m.s.f.DefaultMavenResourcesFiltering - skip non existing resourceDirectory C:\Users\Jeronimo Ciro\OneDrive - UCO\Desktop\EntregaFInal\ucobet-generales (2)\ucobet-generales\src\test\resources
2024-11-09 06:55:15,170 [Worker-37: Building] INFO  o.a.m.s.f.DefaultMavenResourcesFiltering - Copying 1 resource from src\main\resources to target\classes
2024-11-09 06:55:15,176 [Worker-37: Building] INFO  o.a.m.s.f.DefaultMavenResourcesFiltering - Copying 1 resource from src\main\resources to target\classes
2024-11-09 06:55:15,178 [Worker-37: Building] INFO  o.a.m.s.f.DefaultMavenResourcesFiltering - skip non existing resourceDirectory C:\Users\Jeronimo Ciro\OneDrive - UCO\Desktop\EntregaFInal\ucobet-generales (2)\ucobet-generales\src\test\resources
2024-11-09 07:00:43,448 [Worker-24: Building] INFO  o.a.m.s.f.DefaultMavenResourcesFiltering - Copying 1 resource from src\main\resources to target\classes
2024-11-09 07:00:43,453 [Worker-24: Building] INFO  o.a.m.s.f.DefaultMavenResourcesFiltering - Copying 1 resource from src\main\resources to target\classes
2024-11-09 07:00:43,457 [Worker-24: Building] INFO  o.a.m.s.f.DefaultMavenResourcesFiltering - skip non existing resourceDirectory C:\Users\Jeronimo Ciro\OneDrive - UCO\Desktop\EntregaFInal\ucobet-generales (2)\ucobet-generales\src\test\resources
2024-11-09 07:01:02,017 [Worker-39: Building] INFO  o.a.m.s.f.DefaultMavenResourcesFiltering - Copying 1 resource from src\main\resources to target\classes
2024-11-09 07:01:02,021 [Worker-39: Building] INFO  o.a.m.s.f.DefaultMavenResourcesFiltering - Copying 1 resource from src\main\resources to target\classes
2024-11-09 07:01:02,023 [Worker-39: Building] INFO  o.a.m.s.f.DefaultMavenResourcesFiltering - skip non existing resourceDirectory C:\Users\Jeronimo Ciro\OneDrive - UCO\Desktop\EntregaFInal\ucobet-generales (2)\ucobet-generales\src\test\resources
2024-11-09 07:01:54,015 [Worker-32: Building] INFO  o.a.m.s.f.DefaultMavenResourcesFiltering - Copying 1 resource from src\main\resources to target\classes
2024-11-09 07:01:54,021 [Worker-32: Building] INFO  o.a.m.s.f.DefaultMavenResourcesFiltering - Copying 1 resource from src\main\resources to target\classes
2024-11-09 07:01:54,024 [Worker-32: Building] INFO  o.a.m.s.f.DefaultMavenResourcesFiltering - skip non existing resourceDirectory C:\Users\Jeronimo Ciro\OneDrive - UCO\Desktop\EntregaFInal\ucobet-generales (2)\ucobet-generales\src\test\resources
2024-11-09 07:08:15,501 [Worker-43: Building] INFO  o.a.m.s.f.DefaultMavenResourcesFiltering - Copying 1 resource from src\main\resources to target\classes
2024-11-09 07:08:15,506 [Worker-43: Building] INFO  o.a.m.s.f.DefaultMavenResourcesFiltering - Copying 1 resource from src\main\resources to target\classes
2024-11-09 07:08:15,509 [Worker-43: Building] INFO  o.a.m.s.f.DefaultMavenResourcesFiltering - skip non existing resourceDirectory C:\Users\Jeronimo Ciro\OneDrive - UCO\Desktop\EntregaFInal\ucobet-generales (2)\ucobet-generales\src\test\resources
2024-11-09 07:21:15,687 [Worker-46: Building] INFO  o.a.m.s.f.DefaultMavenResourcesFiltering - Copying 1 resource from src\main\resources to target\classes
2024-11-09 07:21:15,694 [Worker-46: Building] INFO  o.a.m.s.f.DefaultMavenResourcesFiltering - Copying 1 resource from src\main\resources to target\classes
2024-11-09 07:21:15,697 [Worker-46: Building] INFO  o.a.m.s.f.DefaultMavenResourcesFiltering - skip non existing resourceDirectory C:\Users\Jeronimo Ciro\OneDrive - UCO\Desktop\EntregaFInal\ucobet-generales (2)\ucobet-generales\src\test\resources
2024-11-09 07:21:48,407 [Worker-43: Building] INFO  o.a.m.s.f.DefaultMavenResourcesFiltering - Copying 1 resource from src\main\resources to target\classes
2024-11-09 07:21:48,412 [Worker-43: Building] INFO  o.a.m.s.f.DefaultMavenResourcesFiltering - Copying 1 resource from src\main\resources to target\classes
2024-11-09 07:21:48,415 [Worker-43: Building] INFO  o.a.m.s.f.DefaultMavenResourcesFiltering - skip non existing resourceDirectory C:\Users\Jeronimo Ciro\OneDrive - UCO\Desktop\EntregaFInal\ucobet-generales (2)\ucobet-generales\src\test\resources
2024-11-09 07:38:58,497 [Worker-52: Building] INFO  o.a.m.s.f.DefaultMavenResourcesFiltering - Copying 1 resource from src\main\resources to target\classes
2024-11-09 07:38:58,503 [Worker-52: Building] INFO  o.a.m.s.f.DefaultMavenResourcesFiltering - Copying 1 resource from src\main\resources to target\classes
2024-11-09 07:38:58,506 [Worker-52: Building] INFO  o.a.m.s.f.DefaultMavenResourcesFiltering - skip non existing resourceDirectory C:\Users\Jeronimo Ciro\OneDrive - UCO\Desktop\EntregaFInal\ucobet-generales (2)\ucobet-generales\src\test\resources
2024-11-09 07:40:40,674 [Worker-43: Building] INFO  o.a.m.s.f.DefaultMavenResourcesFiltering - Copying 1 resource from src\main\resources to target\classes
2024-11-09 07:40:40,683 [Worker-43: Building] INFO  o.a.m.s.f.DefaultMavenResourcesFiltering - Copying 1 resource from src\main\resources to target\classes
2024-11-09 07:40:40,686 [Worker-43: Building] INFO  o.a.m.s.f.DefaultMavenResourcesFiltering - skip non existing resourceDirectory C:\Users\Jeronimo Ciro\OneDrive - UCO\Desktop\EntregaFInal\ucobet-generales (2)\ucobet-generales\src\test\resources
2024-11-09 07:41:01,857 [Worker-53: Building] INFO  o.a.m.s.f.DefaultMavenResourcesFiltering - Copying 1 resource from src\main\resources to target\classes
2024-11-09 07:41:01,864 [Worker-53: Building] INFO  o.a.m.s.f.DefaultMavenResourcesFiltering - Copying 1 resource from src\main\resources to target\classes
2024-11-09 07:41:01,867 [Worker-53: Building] INFO  o.a.m.s.f.DefaultMavenResourcesFiltering - skip non existing resourceDirectory C:\Users\Jeronimo Ciro\OneDrive - UCO\Desktop\EntregaFInal\ucobet-generales (2)\ucobet-generales\src\test\resources
2024-11-09 07:41:18,961 [Worker-50: Building] INFO  o.a.m.s.f.DefaultMavenResourcesFiltering - Copying 1 resource from src\main\resources to target\classes
2024-11-09 07:41:18,966 [Worker-50: Building] INFO  o.a.m.s.f.DefaultMavenResourcesFiltering - Copying 1 resource from src\main\resources to target\classes
2024-11-09 07:41:18,968 [Worker-50: Building] INFO  o.a.m.s.f.DefaultMavenResourcesFiltering - skip non existing resourceDirectory C:\Users\Jeronimo Ciro\OneDrive - UCO\Desktop\EntregaFInal\ucobet-generales (2)\ucobet-generales\src\test\resources
2024-11-09 07:53:17,666 [Worker-59: Building] INFO  o.a.m.s.f.DefaultMavenResourcesFiltering - Copying 1 resource from src\main\resources to target\classes
2024-11-09 07:53:17,673 [Worker-59: Building] INFO  o.a.m.s.f.DefaultMavenResourcesFiltering - Copying 1 resource from src\main\resources to target\classes
2024-11-09 07:53:17,675 [Worker-59: Building] INFO  o.a.m.s.f.DefaultMavenResourcesFiltering - skip non existing resourceDirectory C:\Users\Jeronimo Ciro\OneDrive - UCO\Desktop\EntregaFInal\ucobet-generales (2)\ucobet-generales\src\test\resources
2024-11-09 07:53:29,438 [Worker-58: Building] INFO  o.a.m.s.f.DefaultMavenResourcesFiltering - Copying 1 resource from src\main\resources to target\classes
2024-11-09 07:53:29,447 [Worker-58: Building] INFO  o.a.m.s.f.DefaultMavenResourcesFiltering - Copying 1 resource from src\main\resources to target\classes
2024-11-09 07:53:29,450 [Worker-58: Building] INFO  o.a.m.s.f.DefaultMavenResourcesFiltering - skip non existing resourceDirectory C:\Users\Jeronimo Ciro\OneDrive - UCO\Desktop\EntregaFInal\ucobet-generales (2)\ucobet-generales\src\test\resources
2024-11-09 07:53:48,379 [Worker-52: Building] INFO  o.a.m.s.f.DefaultMavenResourcesFiltering - Copying 1 resource from src\main\resources to target\classes
2024-11-09 07:53:48,386 [Worker-52: Building] INFO  o.a.m.s.f.DefaultMavenResourcesFiltering - Copying 1 resource from src\main\resources to target\classes
2024-11-09 07:53:48,386 [Worker-52: Building] INFO  o.a.m.s.f.DefaultMavenResourcesFiltering - skip non existing resourceDirectory C:\Users\Jeronimo Ciro\OneDrive - UCO\Desktop\EntregaFInal\ucobet-generales (2)\ucobet-generales\src\test\resources
2024-11-09 07:54:02,245 [Worker-58: Building] INFO  o.a.m.s.f.DefaultMavenResourcesFiltering - Copying 1 resource from src\main\resources to target\classes
2024-11-09 07:54:02,249 [Worker-58: Building] INFO  o.a.m.s.f.DefaultMavenResourcesFiltering - Copying 1 resource from src\main\resources to target\classes
2024-11-09 07:54:02,252 [Worker-58: Building] INFO  o.a.m.s.f.DefaultMavenResourcesFiltering - skip non existing resourceDirectory C:\Users\Jeronimo Ciro\OneDrive - UCO\Desktop\EntregaFInal\ucobet-generales (2)\ucobet-generales\src\test\resources
2024-11-09 07:54:27,987 [Worker-39: Building] INFO  o.a.m.s.f.DefaultMavenResourcesFiltering - Copying 1 resource from src\main\resources to target\classes
2024-11-09 07:54:27,995 [Worker-39: Building] INFO  o.a.m.s.f.DefaultMavenResourcesFiltering - Copying 1 resource from src\main\resources to target\classes
2024-11-09 07:54:27,995 [Worker-39: Building] INFO  o.a.m.s.f.DefaultMavenResourcesFiltering - skip non existing resourceDirectory C:\Users\Jeronimo Ciro\OneDrive - UCO\Desktop\EntregaFInal\ucobet-generales (2)\ucobet-generales\src\test\resources
2024-11-09 08:11:17,567 [Worker-58: Building] INFO  o.a.m.s.f.DefaultMavenResourcesFiltering - Copying 1 resource from src\main\resources to target\classes
2024-11-09 08:11:17,574 [Worker-58: Building] INFO  o.a.m.s.f.DefaultMavenResourcesFiltering - Copying 1 resource from src\main\resources to target\classes
2024-11-09 08:11:17,577 [Worker-58: Building] INFO  o.a.m.s.f.DefaultMavenResourcesFiltering - skip non existing resourceDirectory C:\Users\Jeronimo Ciro\OneDrive - UCO\Desktop\EntregaFInal\ucobet-generales (2)\ucobet-generales\src\test\resources
2024-11-09 08:22:17,454 [Worker-68: Building] INFO  o.a.m.s.f.DefaultMavenResourcesFiltering - Copying 1 resource from src\main\resources to target\classes
2024-11-09 08:22:17,460 [Worker-68: Building] INFO  o.a.m.s.f.DefaultMavenResourcesFiltering - Copying 1 resource from src\main\resources to target\classes
2024-11-09 08:22:17,463 [Worker-68: Building] INFO  o.a.m.s.f.DefaultMavenResourcesFiltering - skip non existing resourceDirectory C:\Users\Jeronimo Ciro\OneDrive - UCO\Desktop\EntregaFInal\ucobet-generales (2)\ucobet-generales\src\test\resources
2024-11-09 08:23:39,767 [Worker-66: Building] INFO  o.a.m.s.f.DefaultMavenResourcesFiltering - Copying 1 resource from src\main\resources to target\classes
2024-11-09 08:23:39,772 [Worker-66: Building] INFO  o.a.m.s.f.DefaultMavenResourcesFiltering - Copying 1 resource from src\main\resources to target\classes
2024-11-09 08:23:39,775 [Worker-66: Building] INFO  o.a.m.s.f.DefaultMavenResourcesFiltering - skip non existing resourceDirectory C:\Users\Jeronimo Ciro\OneDrive - UCO\Desktop\EntregaFInal\ucobet-generales (2)\ucobet-generales\src\test\resources
2024-11-09 08:24:26,570 [Worker-58: Building] INFO  o.a.m.s.f.DefaultMavenResourcesFiltering - Copying 1 resource from src\main\resources to target\classes
2024-11-09 08:24:26,583 [Worker-58: Building] INFO  o.a.m.s.f.DefaultMavenResourcesFiltering - Copying 1 resource from src\main\resources to target\classes
2024-11-09 08:24:26,586 [Worker-58: Building] INFO  o.a.m.s.f.DefaultMavenResourcesFiltering - skip non existing resourceDirectory C:\Users\Jeronimo Ciro\OneDrive - UCO\Desktop\EntregaFInal\ucobet-generales (2)\ucobet-generales\src\test\resources
2024-11-09 08:27:32,450 [Worker-65: Building] INFO  o.a.m.s.f.DefaultMavenResourcesFiltering - Copying 1 resource from src\main\resources to target\classes
2024-11-09 08:27:32,457 [Worker-65: Building] INFO  o.a.m.s.f.DefaultMavenResourcesFiltering - Copying 1 resource from src\main\resources to target\classes
2024-11-09 08:27:32,460 [Worker-65: Building] INFO  o.a.m.s.f.DefaultMavenResourcesFiltering - skip non existing resourceDirectory C:\Users\Jeronimo Ciro\OneDrive - UCO\Desktop\EntregaFInal\ucobet-generales (2)\ucobet-generales\src\test\resources
2024-11-09 08:30:46,842 [Worker-71: Building] INFO  o.a.m.s.f.DefaultMavenResourcesFiltering - Copying 1 resource from src\main\resources to target\classes
2024-11-09 08:30:46,847 [Worker-71: Building] INFO  o.a.m.s.f.DefaultMavenResourcesFiltering - Copying 1 resource from src\main\resources to target\classes
2024-11-09 08:30:46,850 [Worker-71: Building] INFO  o.a.m.s.f.DefaultMavenResourcesFiltering - skip non existing resourceDirectory C:\Users\Jeronimo Ciro\OneDrive - UCO\Desktop\EntregaFInal\ucobet-generales (2)\ucobet-generales\src\test\resources
2024-11-09 08:31:14,210 [Worker-71: Building] INFO  o.a.m.s.f.DefaultMavenResourcesFiltering - Copying 1 resource from src\main\resources to target\classes
2024-11-09 08:31:14,214 [Worker-71: Building] INFO  o.a.m.s.f.DefaultMavenResourcesFiltering - Copying 1 resource from src\main\resources to target\classes
2024-11-09 08:31:14,216 [Worker-71: Building] INFO  o.a.m.s.f.DefaultMavenResourcesFiltering - skip non existing resourceDirectory C:\Users\Jeronimo Ciro\OneDrive - UCO\Desktop\EntregaFInal\ucobet-generales (2)\ucobet-generales\src\test\resources
2024-11-09 08:32:10,736 [Worker-71: Building] INFO  o.a.m.s.f.DefaultMavenResourcesFiltering - Copying 1 resource from src\main\resources to target\classes
2024-11-09 08:32:10,743 [Worker-71: Building] INFO  o.a.m.s.f.DefaultMavenResourcesFiltering - Copying 1 resource from src\main\resources to target\classes
2024-11-09 08:32:10,746 [Worker-71: Building] INFO  o.a.m.s.f.DefaultMavenResourcesFiltering - skip non existing resourceDirectory C:\Users\Jeronimo Ciro\OneDrive - UCO\Desktop\EntregaFInal\ucobet-generales (2)\ucobet-generales\src\test\resources
2024-11-09 08:33:13,345 [Worker-68: Building] INFO  o.a.m.s.f.DefaultMavenResourcesFiltering - Copying 1 resource from src\main\resources to target\classes
2024-11-09 08:33:13,353 [Worker-68: Building] INFO  o.a.m.s.f.DefaultMavenResourcesFiltering - Copying 1 resource from src\main\resources to target\classes
2024-11-09 08:33:13,355 [Worker-68: Building] INFO  o.a.m.s.f.DefaultMavenResourcesFiltering - skip non existing resourceDirectory C:\Users\Jeronimo Ciro\OneDrive - UCO\Desktop\EntregaFInal\ucobet-generales (2)\ucobet-generales\src\test\resources
2024-11-09 08:43:13,712 [Worker-54: Building] INFO  o.a.m.s.f.DefaultMavenResourcesFiltering - Copying 1 resource from src\main\resources to target\classes
2024-11-09 08:43:13,719 [Worker-54: Building] INFO  o.a.m.s.f.DefaultMavenResourcesFiltering - Copying 1 resource from src\main\resources to target\classes
2024-11-09 08:43:13,722 [Worker-54: Building] INFO  o.a.m.s.f.DefaultMavenResourcesFiltering - skip non existing resourceDirectory C:\Users\Jeronimo Ciro\OneDrive - UCO\Desktop\EntregaFInal\ucobet-generales (2)\ucobet-generales\src\test\resources
2024-11-09 08:43:43,013 [Worker-54: Building] INFO  o.a.m.s.f.DefaultMavenResourcesFiltering - Copying 1 resource from src\main\resources to target\classes
2024-11-09 08:43:43,017 [Worker-54: Building] INFO  o.a.m.s.f.DefaultMavenResourcesFiltering - Copying 1 resource from src\main\resources to target\classes
2024-11-09 08:43:43,020 [Worker-54: Building] INFO  o.a.m.s.f.DefaultMavenResourcesFiltering - skip non existing resourceDirectory C:\Users\Jeronimo Ciro\OneDrive - UCO\Desktop\EntregaFInal\ucobet-generales (2)\ucobet-generales\src\test\resources
2024-11-09 08:44:17,113 [Worker-70: Building] INFO  o.a.m.s.f.DefaultMavenResourcesFiltering - Copying 1 resource from src\main\resources to target\classes
2024-11-09 08:44:17,121 [Worker-70: Building] INFO  o.a.m.s.f.DefaultMavenResourcesFiltering - Copying 1 resource from src\main\resources to target\classes
2024-11-09 08:44:17,124 [Worker-70: Building] INFO  o.a.m.s.f.DefaultMavenResourcesFiltering - skip non existing resourceDirectory C:\Users\Jeronimo Ciro\OneDrive - UCO\Desktop\EntregaFInal\ucobet-generales (2)\ucobet-generales\src\test\resources
2024-11-09 08:46:19,564 [Worker-73: Building] INFO  o.a.m.s.f.DefaultMavenResourcesFiltering - Copying 1 resource from src\main\resources to target\classes
2024-11-09 08:46:19,571 [Worker-73: Building] INFO  o.a.m.s.f.DefaultMavenResourcesFiltering - Copying 1 resource from src\main\resources to target\classes
2024-11-09 08:46:19,574 [Worker-73: Building] INFO  o.a.m.s.f.DefaultMavenResourcesFiltering - skip non existing resourceDirectory C:\Users\Jeronimo Ciro\OneDrive - UCO\Desktop\EntregaFInal\ucobet-generales (2)\ucobet-generales\src\test\resources
2024-11-09 08:47:12,250 [Worker-54: Building] INFO  o.a.m.s.f.DefaultMavenResourcesFiltering - Copying 1 resource from src\main\resources to target\classes
2024-11-09 08:47:12,253 [Worker-54: Building] INFO  o.a.m.s.f.DefaultMavenResourcesFiltering - Copying 1 resource from src\main\resources to target\classes
2024-11-09 08:47:12,256 [Worker-54: Building] INFO  o.a.m.s.f.DefaultMavenResourcesFiltering - skip non existing resourceDirectory C:\Users\Jeronimo Ciro\OneDrive - UCO\Desktop\EntregaFInal\ucobet-generales (2)\ucobet-generales\src\test\resources
2024-11-09 08:48:51,654 [Worker-58: Building] INFO  o.a.m.s.f.DefaultMavenResourcesFiltering - Copying 1 resource from src\main\resources to target\classes
2024-11-09 08:48:51,659 [Worker-58: Building] INFO  o.a.m.s.f.DefaultMavenResourcesFiltering - Copying 1 resource from src\main\resources to target\classes
2024-11-09 08:48:51,662 [Worker-58: Building] INFO  o.a.m.s.f.DefaultMavenResourcesFiltering - skip non existing resourceDirectory C:\Users\Jeronimo Ciro\OneDrive - UCO\Desktop\EntregaFInal\ucobet-generales (2)\ucobet-generales\src\test\resources
2024-11-09 08:49:41,549 [Worker-54: Building] INFO  o.a.m.s.f.DefaultMavenResourcesFiltering - Copying 1 resource from src\main\resources to target\classes
2024-11-09 08:49:41,559 [Worker-54: Building] INFO  o.a.m.s.f.DefaultMavenResourcesFiltering - Copying 1 resource from src\main\resources to target\classes
2024-11-09 08:49:41,562 [Worker-54: Building] INFO  o.a.m.s.f.DefaultMavenResourcesFiltering - skip non existing resourceDirectory C:\Users\Jeronimo Ciro\OneDrive - UCO\Desktop\EntregaFInal\ucobet-generales (2)\ucobet-generales\src\test\resources
2024-11-09 08:50:33,801 [Worker-54: Building] INFO  o.a.m.s.f.DefaultMavenResourcesFiltering - Copying 1 resource from src\main\resources to target\classes
2024-11-09 08:50:33,804 [Worker-54: Building] INFO  o.a.m.s.f.DefaultMavenResourcesFiltering - Copying 1 resource from src\main\resources to target\classes
2024-11-09 08:50:33,807 [Worker-54: Building] INFO  o.a.m.s.f.DefaultMavenResourcesFiltering - skip non existing resourceDirectory C:\Users\Jeronimo Ciro\OneDrive - UCO\Desktop\EntregaFInal\ucobet-generales (2)\ucobet-generales\src\test\resources
2024-11-09 08:52:57,064 [Worker-70: Building] INFO  o.a.m.s.f.DefaultMavenResourcesFiltering - Copying 1 resource from src\main\resources to target\classes
2024-11-09 08:52:57,071 [Worker-70: Building] INFO  o.a.m.s.f.DefaultMavenResourcesFiltering - Copying 1 resource from src\main\resources to target\classes
2024-11-09 08:52:57,074 [Worker-70: Building] INFO  o.a.m.s.f.DefaultMavenResourcesFiltering - skip non existing resourceDirectory C:\Users\Jeronimo Ciro\OneDrive - UCO\Desktop\EntregaFInal\ucobet-generales (2)\ucobet-generales\src\test\resources
2024-11-09 08:54:37,653 [Worker-70: Building] INFO  o.a.m.s.f.DefaultMavenResourcesFiltering - Copying 1 resource from src\main\resources to target\classes
2024-11-09 08:54:37,660 [Worker-70: Building] INFO  o.a.m.s.f.DefaultMavenResourcesFiltering - Copying 1 resource from src\main\resources to target\classes
2024-11-09 08:54:37,663 [Worker-70: Building] INFO  o.a.m.s.f.DefaultMavenResourcesFiltering - skip non existing resourceDirectory C:\Users\Jeronimo Ciro\OneDrive - UCO\Desktop\EntregaFInal\ucobet-generales (2)\ucobet-generales\src\test\resources
2024-11-09 08:57:34,692 [Worker-76: Building] INFO  o.a.m.s.f.DefaultMavenResourcesFiltering - Copying 1 resource from src\main\resources to target\classes
2024-11-09 08:57:34,697 [Worker-76: Building] INFO  o.a.m.s.f.DefaultMavenResourcesFiltering - Copying 1 resource from src\main\resources to target\classes
2024-11-09 08:57:34,699 [Worker-76: Building] INFO  o.a.m.s.f.DefaultMavenResourcesFiltering - skip non existing resourceDirectory C:\Users\Jeronimo Ciro\OneDrive - UCO\Desktop\EntregaFInal\ucobet-generales (2)\ucobet-generales\src\test\resources
2024-11-09 08:57:56,198 [Worker-77: Building] INFO  o.a.m.s.f.DefaultMavenResourcesFiltering - Copying 1 resource from src\main\resources to target\classes
2024-11-09 08:57:56,202 [Worker-77: Building] INFO  o.a.m.s.f.DefaultMavenResourcesFiltering - Copying 1 resource from src\main\resources to target\classes
2024-11-09 08:57:56,204 [Worker-77: Building] INFO  o.a.m.s.f.DefaultMavenResourcesFiltering - skip non existing resourceDirectory C:\Users\Jeronimo Ciro\OneDrive - UCO\Desktop\EntregaFInal\ucobet-generales (2)\ucobet-generales\src\test\resources
2024-11-09 08:58:17,016 [Worker-77: Building] INFO  o.a.m.s.f.DefaultMavenResourcesFiltering - Copying 1 resource from src\main\resources to target\classes
2024-11-09 08:58:17,020 [Worker-77: Building] INFO  o.a.m.s.f.DefaultMavenResourcesFiltering - Copying 1 resource from src\main\resources to target\classes
2024-11-09 08:58:17,023 [Worker-77: Building] INFO  o.a.m.s.f.DefaultMavenResourcesFiltering - skip non existing resourceDirectory C:\Users\Jeronimo Ciro\OneDrive - UCO\Desktop\EntregaFInal\ucobet-generales (2)\ucobet-generales\src\test\resources
2024-11-09 09:21:24,337 [Worker-74: Building] INFO  o.a.m.s.f.DefaultMavenResourcesFiltering - Copying 1 resource from src\main\resources to target\classes
2024-11-09 09:21:24,357 [Worker-74: Building] INFO  o.a.m.s.f.DefaultMavenResourcesFiltering - Copying 1 resource from src\main\resources to target\classes
2024-11-09 09:21:24,359 [Worker-74: Building] INFO  o.a.m.s.f.DefaultMavenResourcesFiltering - skip non existing resourceDirectory C:\Users\Jeronimo Ciro\OneDrive - UCO\Desktop\EntregaFInal\ucobet-generales (2)\ucobet-generales\src\test\resources
2024-11-09 09:21:35,794 [Worker-54: Building] INFO  o.a.m.s.f.DefaultMavenResourcesFiltering - Copying 1 resource from src\main\resources to target\classes
2024-11-09 09:21:35,799 [Worker-54: Building] INFO  o.a.m.s.f.DefaultMavenResourcesFiltering - Copying 1 resource from src\main\resources to target\classes
2024-11-09 09:21:35,802 [Worker-54: Building] INFO  o.a.m.s.f.DefaultMavenResourcesFiltering - skip non existing resourceDirectory C:\Users\Jeronimo Ciro\OneDrive - UCO\Desktop\EntregaFInal\ucobet-generales (2)\ucobet-generales\src\test\resources
2024-11-09 09:21:42,903 [Worker-80: Building] INFO  o.a.m.s.f.DefaultMavenResourcesFiltering - Copying 1 resource from src\main\resources to target\classes
2024-11-09 09:21:42,908 [Worker-80: Building] INFO  o.a.m.s.f.DefaultMavenResourcesFiltering - Copying 1 resource from src\main\resources to target\classes
2024-11-09 09:21:42,911 [Worker-80: Building] INFO  o.a.m.s.f.DefaultMavenResourcesFiltering - skip non existing resourceDirectory C:\Users\Jeronimo Ciro\OneDrive - UCO\Desktop\EntregaFInal\ucobet-generales (2)\ucobet-generales\src\test\resources
2024-11-09 09:22:30,293 [Worker-54: Building] INFO  o.a.m.s.f.DefaultMavenResourcesFiltering - Copying 1 resource from src\main\resources to target\classes
2024-11-09 09:22:30,297 [Worker-54: Building] INFO  o.a.m.s.f.DefaultMavenResourcesFiltering - Copying 1 resource from src\main\resources to target\classes
2024-11-09 09:22:30,300 [Worker-54: Building] INFO  o.a.m.s.f.DefaultMavenResourcesFiltering - skip non existing resourceDirectory C:\Users\Jeronimo Ciro\OneDrive - UCO\Desktop\EntregaFInal\ucobet-generales (2)\ucobet-generales\src\test\resources
2024-11-09 09:23:18,837 [Worker-79: Building] INFO  o.a.m.s.f.DefaultMavenResourcesFiltering - Copying 1 resource from src\main\resources to target\classes
2024-11-09 09:23:18,842 [Worker-79: Building] INFO  o.a.m.s.f.DefaultMavenResourcesFiltering - Copying 1 resource from src\main\resources to target\classes
2024-11-09 09:23:18,847 [Worker-79: Building] INFO  o.a.m.s.f.DefaultMavenResourcesFiltering - skip non existing resourceDirectory C:\Users\Jeronimo Ciro\OneDrive - UCO\Desktop\EntregaFInal\ucobet-generales (2)\ucobet-generales\src\test\resources
2024-11-09 09:25:02,020 [Worker-54: Building] INFO  o.a.m.s.f.DefaultMavenResourcesFiltering - Copying 1 resource from src\main\resources to target\classes
2024-11-09 09:25:02,025 [Worker-54: Building] INFO  o.a.m.s.f.DefaultMavenResourcesFiltering - Copying 1 resource from src\main\resources to target\classes
2024-11-09 09:25:02,028 [Worker-54: Building] INFO  o.a.m.s.f.DefaultMavenResourcesFiltering - skip non existing resourceDirectory C:\Users\Jeronimo Ciro\OneDrive - UCO\Desktop\EntregaFInal\ucobet-generales (2)\ucobet-generales\src\test\resources
2024-11-09 09:25:14,838 [Worker-78: Building] INFO  o.a.m.s.f.DefaultMavenResourcesFiltering - Copying 1 resource from src\main\resources to target\classes
2024-11-09 09:25:14,843 [Worker-78: Building] INFO  o.a.m.s.f.DefaultMavenResourcesFiltering - Copying 1 resource from src\main\resources to target\classes
2024-11-09 09:25:14,846 [Worker-78: Building] INFO  o.a.m.s.f.DefaultMavenResourcesFiltering - skip non existing resourceDirectory C:\Users\Jeronimo Ciro\OneDrive - UCO\Desktop\EntregaFInal\ucobet-generales (2)\ucobet-generales\src\test\resources
2024-11-09 09:25:32,992 [Worker-80: Building] INFO  o.a.m.s.f.DefaultMavenResourcesFiltering - Copying 1 resource from src\main\resources to target\classes
2024-11-09 09:25:32,998 [Worker-80: Building] INFO  o.a.m.s.f.DefaultMavenResourcesFiltering - Copying 1 resource from src\main\resources to target\classes
2024-11-09 09:25:33,000 [Worker-80: Building] INFO  o.a.m.s.f.DefaultMavenResourcesFiltering - skip non existing resourceDirectory C:\Users\Jeronimo Ciro\OneDrive - UCO\Desktop\EntregaFInal\ucobet-generales (2)\ucobet-generales\src\test\resources
2024-11-09 09:26:21,545 [Worker-78: Building] INFO  o.a.m.s.f.DefaultMavenResourcesFiltering - Copying 1 resource from src\main\resources to target\classes
2024-11-09 09:26:21,550 [Worker-78: Building] INFO  o.a.m.s.f.DefaultMavenResourcesFiltering - Copying 1 resource from src\main\resources to target\classes
2024-11-09 09:26:21,552 [Worker-78: Building] INFO  o.a.m.s.f.DefaultMavenResourcesFiltering - skip non existing resourceDirectory C:\Users\Jeronimo Ciro\OneDrive - UCO\Desktop\EntregaFInal\ucobet-generales (2)\ucobet-generales\src\test\resources
2024-11-09 09:27:03,222 [Worker-80: Building] INFO  o.a.m.s.f.DefaultMavenResourcesFiltering - Copying 1 resource from src\main\resources to target\classes
2024-11-09 09:27:03,227 [Worker-80: Building] INFO  o.a.m.s.f.DefaultMavenResourcesFiltering - Copying 1 resource from src\main\resources to target\classes
2024-11-09 09:27:03,231 [Worker-80: Building] INFO  o.a.m.s.f.DefaultMavenResourcesFiltering - skip non existing resourceDirectory C:\Users\Jeronimo Ciro\OneDrive - UCO\Desktop\EntregaFInal\ucobet-generales (2)\ucobet-generales\src\test\resources
2024-11-09 09:27:41,398 [Worker-78: Building] INFO  o.a.m.s.f.DefaultMavenResourcesFiltering - Copying 1 resource from src\main\resources to target\classes
2024-11-09 09:27:41,405 [Worker-78: Building] INFO  o.a.m.s.f.DefaultMavenResourcesFiltering - Copying 1 resource from src\main\resources to target\classes
2024-11-09 09:27:41,409 [Worker-78: Building] INFO  o.a.m.s.f.DefaultMavenResourcesFiltering - skip non existing resourceDirectory C:\Users\Jeronimo Ciro\OneDrive - UCO\Desktop\EntregaFInal\ucobet-generales (2)\ucobet-generales\src\test\resources
2024-11-09 09:27:50,732 [Worker-82: Building] INFO  o.a.m.s.f.DefaultMavenResourcesFiltering - Copying 1 resource from src\main\resources to target\classes
2024-11-09 09:27:50,736 [Worker-82: Building] INFO  o.a.m.s.f.DefaultMavenResourcesFiltering - Copying 1 resource from src\main\resources to target\classes
2024-11-09 09:27:50,739 [Worker-82: Building] INFO  o.a.m.s.f.DefaultMavenResourcesFiltering - skip non existing resourceDirectory C:\Users\Jeronimo Ciro\OneDrive - UCO\Desktop\EntregaFInal\ucobet-generales (2)\ucobet-generales\src\test\resources
2024-11-09 09:28:39,123 [Worker-81: Building] INFO  o.a.m.s.f.DefaultMavenResourcesFiltering - Copying 1 resource from src\main\resources to target\classes
2024-11-09 09:28:39,131 [Worker-81: Building] INFO  o.a.m.s.f.DefaultMavenResourcesFiltering - Copying 1 resource from src\main\resources to target\classes
2024-11-09 09:28:39,136 [Worker-81: Building] INFO  o.a.m.s.f.DefaultMavenResourcesFiltering - skip non existing resourceDirectory C:\Users\Jeronimo Ciro\OneDrive - UCO\Desktop\EntregaFInal\ucobet-generales (2)\ucobet-generales\src\test\resources
2024-11-09 09:28:46,500 [Worker-79: Building] INFO  o.a.m.s.f.DefaultMavenResourcesFiltering - Copying 1 resource from src\main\resources to target\classes
2024-11-09 09:28:46,506 [Worker-79: Building] INFO  o.a.m.s.f.DefaultMavenResourcesFiltering - Copying 1 resource from src\main\resources to target\classes
2024-11-09 09:28:46,508 [Worker-79: Building] INFO  o.a.m.s.f.DefaultMavenResourcesFiltering - skip non existing resourceDirectory C:\Users\Jeronimo Ciro\OneDrive - UCO\Desktop\EntregaFInal\ucobet-generales (2)\ucobet-generales\src\test\resources
2024-11-09 09:29:09,901 [Worker-81: Building] INFO  o.a.m.s.f.DefaultMavenResourcesFiltering - Copying 1 resource from src\main\resources to target\classes
2024-11-09 09:29:09,907 [Worker-81: Building] INFO  o.a.m.s.f.DefaultMavenResourcesFiltering - Copying 1 resource from src\main\resources to target\classes
2024-11-09 09:29:09,910 [Worker-81: Building] INFO  o.a.m.s.f.DefaultMavenResourcesFiltering - skip non existing resourceDirectory C:\Users\Jeronimo Ciro\OneDrive - UCO\Desktop\EntregaFInal\ucobet-generales (2)\ucobet-generales\src\test\resources
2024-11-09 09:30:00,213 [Worker-78: Building] INFO  o.a.m.s.f.DefaultMavenResourcesFiltering - Copying 1 resource from src\main\resources to target\classes
2024-11-09 09:30:00,217 [Worker-78: Building] INFO  o.a.m.s.f.DefaultMavenResourcesFiltering - Copying 1 resource from src\main\resources to target\classes
2024-11-09 09:30:00,220 [Worker-78: Building] INFO  o.a.m.s.f.DefaultMavenResourcesFiltering - skip non existing resourceDirectory C:\Users\Jeronimo Ciro\OneDrive - UCO\Desktop\EntregaFInal\ucobet-generales (2)\ucobet-generales\src\test\resources
2024-11-09 09:30:19,085 [Worker-74: Building] INFO  o.a.m.s.f.DefaultMavenResourcesFiltering - Copying 1 resource from src\main\resources to target\classes
2024-11-09 09:30:19,092 [Worker-74: Building] INFO  o.a.m.s.f.DefaultMavenResourcesFiltering - Copying 1 resource from src\main\resources to target\classes
2024-11-09 09:30:19,094 [Worker-74: Building] INFO  o.a.m.s.f.DefaultMavenResourcesFiltering - skip non existing resourceDirectory C:\Users\Jeronimo Ciro\OneDrive - UCO\Desktop\EntregaFInal\ucobet-generales (2)\ucobet-generales\src\test\resources
2024-11-09 09:32:05,967 [Worker-78: Launching ucobet-generales - UcobetApplication] INFO  o.a.m.s.f.DefaultMavenResourcesFiltering - Copying 1 resource from src\main\resources to target\classes
2024-11-09 09:32:05,974 [Worker-78: Launching ucobet-generales - UcobetApplication] INFO  o.a.m.s.f.DefaultMavenResourcesFiltering - Copying 1 resource from src\main\resources to target\classes
2024-11-09 09:32:05,978 [Worker-78: Launching ucobet-generales - UcobetApplication] INFO  o.a.m.s.f.DefaultMavenResourcesFiltering - skip non existing resourceDirectory C:\Users\Jeronimo Ciro\OneDrive - UCO\Desktop\EntregaFInal\ucobet-generales (2)\ucobet-generales\src\test\resources
2024-11-09 09:40:28,017 [Worker-78: Building] INFO  o.a.m.s.f.DefaultMavenResourcesFiltering - Copying 0 resource from src\main\resources to target\classes
2024-11-09 09:40:28,018 [Worker-78: Building] INFO  o.a.m.s.f.DefaultMavenResourcesFiltering - Copying 0 resource from src\main\resources to target\classes
2024-11-09 09:40:28,021 [Worker-78: Building] INFO  o.a.m.s.f.DefaultMavenResourcesFiltering - skip non existing resourceDirectory C:\Users\Jeronimo Ciro\OneDrive - UCO\Desktop\EntregaFInal\ucobet-generales (2)\ucobet-generales\src\test\resources
2024-11-09 09:42:11,728 [Worker-78: Building] INFO  o.a.m.s.f.DefaultMavenResourcesFiltering - Copying 0 resource from src\main\resources to target\classes
2024-11-09 09:42:11,729 [Worker-78: Building] INFO  o.a.m.s.f.DefaultMavenResourcesFiltering - Copying 0 resource from src\main\resources to target\classes
2024-11-09 09:42:11,732 [Worker-78: Building] INFO  o.a.m.s.f.DefaultMavenResourcesFiltering - skip non existing resourceDirectory C:\Users\Jeronimo Ciro\OneDrive - UCO\Desktop\EntregaFInal\ucobet-generales (2)\ucobet-generales\src\test\resources
2024-11-09 09:42:23,512 [Worker-78: Building] INFO  o.a.m.s.f.DefaultMavenResourcesFiltering - Copying 0 resource from src\main\resources to target\classes
2024-11-09 09:42:23,513 [Worker-78: Building] INFO  o.a.m.s.f.DefaultMavenResourcesFiltering - Copying 0 resource from src\main\resources to target\classes
2024-11-09 09:42:23,514 [Worker-78: Building] INFO  o.a.m.s.f.DefaultMavenResourcesFiltering - skip non existing resourceDirectory C:\Users\Jeronimo Ciro\OneDrive - UCO\Desktop\EntregaFInal\ucobet-generales (2)\api_gateway\src\test\resources
